<?xml version="1.0" encoding="UTF-8"?>
<!-- Generated by org.testng.reporters.JUnitReportReporter -->
<testsuite hostname="DESKTOP-UAHEQIO" failures="0" tests="1" name="com.Test_TC.verify_login_page" time="23.709" errors="0" timestamp="2023-06-02T16:27:44 IST" skipped="0">
  <testcase classname="com.Test_TC.verify_login_page" name="verify_loginpage" time="23.709"/>
  <system-out/>
</testsuite> <!-- com.Test_TC.verify_login_page -->
